<?xml version="1.0" encoding="UTF-8"?>
<testng-results skipped="0" failed="1" ignored="0" total="1" passed="0">
  <reporter-output>
    <line>
      <![CDATA[[INFO ] [2021-04-21 10:04:32,162] Open Amazon page
<br>]]>
    </line>
    <line>
      <![CDATA[[INFO ] [2021-04-21 10:04:41,599] Open Books department
<br>]]>
    </line>
    <line>
      <![CDATA[[INFO ] [2021-04-21 10:04:42,195] Input apple value to search text box
<br>]]>
    </line>
    <line>
      <![CDATA[[INFO ] [2021-04-21 10:04:42,663] Click on Search button
<br>]]>
    </line>
    <line>
      <![CDATA[[INFO ] [2021-04-21 10:04:47,130] Click on English Language and verify Englist checkbox checked
<br>]]>
    </line>
    <line>
      <![CDATA[[INFO ] [2021-04-21 10:04:51,087] Sort by Publication Date
<br>]]>
    </line>
  </reporter-output>
  <suite name="Amazon" duration-ms="51853" started-at="2021-04-21T03:04:32Z" finished-at="2021-04-21T03:05:23Z">
    <groups>
    </groups>
    <test name="Run On Chrome" duration-ms="51853" started-at="2021-04-21T03:04:32Z" finished-at="2021-04-21T03:05:23Z">
      <class name="com.amazon.sort.TC01_Sort">
        <test-method status="PASS" signature="beforeClass(java.lang.String)[pri:0, instance:com.amazon.sort.TC01_Sort@61a5b4ae]" name="beforeClass" is-config="true" duration-ms="9186" started-at="2021-04-21T03:04:32Z" finished-at="2021-04-21T03:04:41Z">
          <params>
            <param index="0">
              <value>
                <![CDATA[chrome_ui]]>
              </value>
            </param>
          </params>
          <reporter-output>
            <line>
              <![CDATA[[INFO ] [2021-04-21 10:04:32,162] Open Amazon page
<br>]]>
            </line>
          </reporter-output>
        </test-method> <!-- beforeClass -->
        <test-method status="FAIL" signature="TC01_SortByPublishDate()[pri:0, instance:com.amazon.sort.TC01_Sort@61a5b4ae]" name="TC01_SortByPublishDate" duration-ms="41180" started-at="2021-04-21T03:04:41Z" finished-at="2021-04-21T03:05:22Z">
          <exception class="org.openqa.selenium.NoSuchElementException">
            <message>
              <![CDATA[no such element: Unable to locate element: {"method":"xpath","selector":"//div[contains(@class,'vertical-scroll')]//a[text()='Publication Date']"}
  (Session info: chrome=89.0.4389.128)
For documentation on this error, please visit: https://www.seleniumhq.org/exceptions/no_such_element.html
Build info: version: '3.141.59', revision: 'e82be7d358', time: '2018-11-14T08:17:03'
System info: host: 'DESKTOP-87CA92U', ip: '192.168.1.6', os.name: 'Windows 10', os.arch: 'amd64', os.version: '10.0', java.version: '1.8.0_291'
Driver info: org.openqa.selenium.chrome.ChromeDriver
Capabilities {acceptInsecureCerts: false, browserName: chrome, browserVersion: 89.0.4389.128, chrome: {chromedriverVersion: 89.0.4389.23 (61b08ee2c5002..., userDataDir: C:\Users\admin\AppData\Loca...}, goog:chromeOptions: {debuggerAddress: localhost:63159}, javascriptEnabled: true, networkConnectionEnabled: false, pageLoadStrategy: normal, platform: WINDOWS, platformName: WINDOWS, proxy: Proxy(), setWindowRect: true, strictFileInteractability: false, timeouts: {implicit: 0, pageLoad: 300000, script: 30000}, unhandledPromptBehavior: dismiss and notify, webauthn:extension:largeBlob: true, webauthn:virtualAuthenticators: true}
Session ID: 723795eb19f9fdc2aa71e4087be26b7d
*** Element info: {Using=xpath, value=//div[contains(@class,'vertical-scroll')]//a[text()='Publication Date']}]]>
            </message>
            <full-stacktrace>
              <![CDATA[org.openqa.selenium.NoSuchElementException: no such element: Unable to locate element: {"method":"xpath","selector":"//div[contains(@class,'vertical-scroll')]//a[text()='Publication Date']"}
  (Session info: chrome=89.0.4389.128)
For documentation on this error, please visit: https://www.seleniumhq.org/exceptions/no_such_element.html
Build info: version: '3.141.59', revision: 'e82be7d358', time: '2018-11-14T08:17:03'
System info: host: 'DESKTOP-87CA92U', ip: '192.168.1.6', os.name: 'Windows 10', os.arch: 'amd64', os.version: '10.0', java.version: '1.8.0_291'
Driver info: org.openqa.selenium.chrome.ChromeDriver
Capabilities {acceptInsecureCerts: false, browserName: chrome, browserVersion: 89.0.4389.128, chrome: {chromedriverVersion: 89.0.4389.23 (61b08ee2c5002..., userDataDir: C:\Users\admin\AppData\Loca...}, goog:chromeOptions: {debuggerAddress: localhost:63159}, javascriptEnabled: true, networkConnectionEnabled: false, pageLoadStrategy: normal, platform: WINDOWS, platformName: WINDOWS, proxy: Proxy(), setWindowRect: true, strictFileInteractability: false, timeouts: {implicit: 0, pageLoad: 300000, script: 30000}, unhandledPromptBehavior: dismiss and notify, webauthn:extension:largeBlob: true, webauthn:virtualAuthenticators: true}
Session ID: 723795eb19f9fdc2aa71e4087be26b7d
*** Element info: {Using=xpath, value=//div[contains(@class,'vertical-scroll')]//a[text()='Publication Date']}
at sun.reflect.NativeConstructorAccessorImpl.newInstance0(Native Method)
at sun.reflect.NativeConstructorAccessorImpl.newInstance(Unknown Source)
at sun.reflect.DelegatingConstructorAccessorImpl.newInstance(Unknown Source)
at java.lang.reflect.Constructor.newInstance(Unknown Source)
at org.openqa.selenium.remote.http.W3CHttpResponseCodec.createException(W3CHttpResponseCodec.java:187)
at org.openqa.selenium.remote.http.W3CHttpResponseCodec.decode(W3CHttpResponseCodec.java:122)
at org.openqa.selenium.remote.http.W3CHttpResponseCodec.decode(W3CHttpResponseCodec.java:49)
at org.openqa.selenium.remote.HttpCommandExecutor.execute(HttpCommandExecutor.java:158)
at org.openqa.selenium.remote.service.DriverCommandExecutor.execute(DriverCommandExecutor.java:83)
at org.openqa.selenium.remote.RemoteWebDriver.execute(RemoteWebDriver.java:552)
at org.openqa.selenium.remote.RemoteWebDriver.findElement(RemoteWebDriver.java:323)
at org.openqa.selenium.remote.RemoteWebDriver.findElementByXPath(RemoteWebDriver.java:428)
at org.openqa.selenium.By$ByXPath.findElement(By.java:353)
at org.openqa.selenium.remote.RemoteWebDriver.findElement(RemoteWebDriver.java:315)
at common.BasePage.findWebElement(BasePage.java:112)
at common.BasePage.clickToElement(BasePage.java:145)
at pageObjects.SearchPageObject.SortItemsBy(SearchPageObject.java:45)
at com.amazon.sort.TC01_Sort.TC01_SortByPublishDate(TC01_Sort.java:41)
at sun.reflect.NativeMethodAccessorImpl.invoke0(Native Method)
at sun.reflect.NativeMethodAccessorImpl.invoke(Unknown Source)
at sun.reflect.DelegatingMethodAccessorImpl.invoke(Unknown Source)
at java.lang.reflect.Method.invoke(Unknown Source)
at org.testng.internal.MethodInvocationHelper.invokeMethod(MethodInvocationHelper.java:124)
at org.testng.internal.Invoker.invokeMethod(Invoker.java:583)
at org.testng.internal.Invoker.invokeTestMethod(Invoker.java:719)
at org.testng.internal.Invoker.invokeTestMethods(Invoker.java:989)
at org.testng.internal.TestMethodWorker.invokeTestMethods(TestMethodWorker.java:125)
at org.testng.internal.TestMethodWorker.run(TestMethodWorker.java:109)
at org.testng.TestRunner.privateRun(TestRunner.java:648)
at org.testng.TestRunner.run(TestRunner.java:505)
at org.testng.SuiteRunner.runTest(SuiteRunner.java:455)
at org.testng.SuiteRunner.runSequentially(SuiteRunner.java:450)
at org.testng.SuiteRunner.privateRun(SuiteRunner.java:415)
at org.testng.SuiteRunner.run(SuiteRunner.java:364)
at org.testng.SuiteRunnerWorker.runSuite(SuiteRunnerWorker.java:52)
at org.testng.SuiteRunnerWorker.run(SuiteRunnerWorker.java:84)
at org.testng.TestNG.runSuitesSequentially(TestNG.java:1208)
at org.testng.TestNG.runSuitesLocally(TestNG.java:1137)
at org.testng.TestNG.runSuites(TestNG.java:1049)
at org.testng.TestNG.run(TestNG.java:1017)
at org.testng.remote.AbstractRemoteTestNG.run(AbstractRemoteTestNG.java:115)
at org.testng.remote.RemoteTestNG.initAndRun(RemoteTestNG.java:251)
at org.testng.remote.RemoteTestNG.main(RemoteTestNG.java:77)
]]>
            </full-stacktrace>
          </exception> <!-- org.openqa.selenium.NoSuchElementException -->
          <reporter-output>
            <line>
              <![CDATA[[INFO ] [2021-04-21 10:04:41,599] Open Books department
<br>]]>
            </line>
            <line>
              <![CDATA[[INFO ] [2021-04-21 10:04:42,195] Input apple value to search text box
<br>]]>
            </line>
            <line>
              <![CDATA[[INFO ] [2021-04-21 10:04:42,663] Click on Search button
<br>]]>
            </line>
            <line>
              <![CDATA[[INFO ] [2021-04-21 10:04:47,130] Click on English Language and verify Englist checkbox checked
<br>]]>
            </line>
            <line>
              <![CDATA[[INFO ] [2021-04-21 10:04:51,087] Sort by Publication Date
<br>]]>
            </line>
          </reporter-output>
        </test-method> <!-- TC01_SortByPublishDate -->
        <test-method status="PASS" signature="afterClass()[pri:0, instance:com.amazon.sort.TC01_Sort@61a5b4ae]" name="afterClass" is-config="true" duration-ms="1153" started-at="2021-04-21T03:05:22Z" finished-at="2021-04-21T03:05:23Z">
          <reporter-output>
          </reporter-output>
        </test-method> <!-- afterClass -->
      </class> <!-- com.amazon.sort.TC01_Sort -->
    </test> <!-- Run On Chrome -->
  </suite> <!-- Amazon -->
</testng-results>
